<project>
    <modelVersion>4.0.0</modelVersion>

    <groupId>io.github.mladensavic94</groupId>
    <artifactId>housekeeper-maven-plugin</artifactId>
    <packaging>maven-plugin</packaging>
    <version>1.0-SNAPSHOT</version>
    <name>housekeeper-maven-plugin Maven Plugin</name>

    <properties>
        <maven.compiler.source>1.8</maven.compiler.source>
        <maven.compiler.target>1.8</maven.compiler.target>
        <project.build.sourceEncoding>UTF-8</project.build.sourceEncoding>
    </properties>

    <dependencies>
        <dependency>
            <groupId>org.apache.maven</groupId>
            <artifactId>maven-plugin-api</artifactId>
            <version>3.6.3</version>
        </dependency>
        <dependency>
            <groupId>org.apache.maven.plugin-tools</groupId>
            <artifactId>maven-plugin-annotations</artifactId>
            <version>3.6.0</version>
            <scope>provided</scope>
        </dependency>
        <dependency>
            <groupId>org.apache.maven.shared</groupId>
            <artifactId>maven-dependency-tree</artifactId>
            <version>3.0.1</version>
        </dependency>
    </dependencies>
    <build>
        <plugins>
            <plugin>
                <groupId>io.github.mladensavic94</groupId>
                <artifactId>housekeeper-maven-plugin</artifactId>
                <version>1.0-SNAPSHOT</version>
                <configuration></configuration>
            </plugin>
        </plugins>
    </build>
</project>
